<?xml version="1.0" encoding="UTF-8"?>
<testsuite name="service.StorageTest" tests="4" skipped="0" failures="0" errors="0" timestamp="2021-08-27T09:00:33" hostname="LAPTOP-3I7B8GL7" time="0.032">
  <properties/>
  <testcase name="add group" classname="service.StorageTest" time="0.02"/>
  <testcase name="delete()" classname="service.StorageTest" time="0.006"/>
  <testcase name="update()" classname="service.StorageTest" time="0.001"/>
  <testcase name="read()" classname="service.StorageTest" time="0.002"/>
  <system-out><![CDATA[]]></system-out>
  <system-err><![CDATA[]]></system-err>
</testsuite>
